LPMAT/app/build/outputs/mapping/release/seeds.txt
com.linkprice.lpmat.LpMobileAT
com.linkprice.lpmat.LpMobileAT: java.lang.String LOG_TAG
com.linkprice.lpmat.LpMobileAT: LpMobileAT(android.content.Context,android.content.Intent)
com.linkprice.lpmat.LpMobileAT: java.lang.Boolean setTagValueReceiver()
com.linkprice.lpmat.LpMobileAT: java.lang.Boolean setTagValueActivity()
com.linkprice.lpmat.LpMobileAT: java.lang.String getReferrer()
com.linkprice.lpmat.LpMobileAT: java.lang.String getTagValue()
com.linkprice.lpmat.LpMobileAT: java.lang.Boolean checkTagValue()
com.linkprice.lpmat.LpMobileAT: void setParams(java.util.Map)
com.linkprice.lpmat.LpMobileAT: java.lang.Boolean addItem(java.util.Map)
com.linkprice.lpmat.LpMobileAT: void send()
com.linkprice.lpmat.LpMobileAT: java.lang.Boolean send(com.linkprice.lpmat.LpResponse)
com.linkprice.lpmat.LpPostback: java.lang.Boolean purchase(java.lang.String)
com.linkprice.lpmat.LpResponse
com.linkprice.lpmat.LpResponse: LpResponse()
com.linkprice.lpmat.LpResponse: void success()
com.linkprice.lpmat.LpResponse: void fail(java.lang.String)
com.linkprice.lpmat.R
com.linkprice.lpmat.R$attr
com.linkprice.lpmat.R$dimen
com.linkprice.lpmat.R$dimen: int activity_horizontal_margin
com.linkprice.lpmat.R$dimen: int activity_vertical_margin
com.linkprice.lpmat.R$drawable
com.linkprice.lpmat.R$drawable: int ic_launcher
com.linkprice.lpmat.R$id
com.linkprice.lpmat.R$id: int LinearLayout1
com.linkprice.lpmat.R$id: int action_settings
com.linkprice.lpmat.R$id: int button1
com.linkprice.lpmat.R$id: int buttonPurchase
com.linkprice.lpmat.R$id: int textView1
com.linkprice.lpmat.R$id: int textView2
com.linkprice.lpmat.R$id: int textView3
com.linkprice.lpmat.R$id: int textView4
com.linkprice.lpmat.R$layout
com.linkprice.lpmat.R$layout: int activity_main
com.linkprice.lpmat.R$menu
com.linkprice.lpmat.R$menu: int intent
com.linkprice.lpmat.R$string
com.linkprice.lpmat.R$string: int action_settings
com.linkprice.lpmat.R$string: int app_name
com.linkprice.lpmat.R$string: int hello_world
com.linkprice.lpmat.R$string: int purchase
com.linkprice.lpmat.R$string: int referrer_lpinfo
com.linkprice.lpmat.R$string: int title_activity_intent
com.linkprice.lpmat.R$style
com.linkprice.lpmat.R$style: int AppBaseTheme
com.linkprice.lpmat.R$style: int AppTheme