LPMAT/app/build/outputs/mapping/release/mapping.txt
com.linkprice.lpmat.LpMobileAT -> com.linkprice.lpmat.LpMobileAT:
    java.lang.String LOG_TAG -> LOG_TAG
    com.linkprice.lpmat.LpTagValue mLpTagValue -> a
    com.linkprice.lpmat.LpPostback mLpPostback -> b
    void <init>(android.content.Context,android.content.Intent) -> <init>
    java.lang.Boolean setTagValueReceiver() -> setTagValueReceiver
    java.lang.Boolean setTagValueActivity() -> setTagValueActivity
    java.lang.String getReferrer() -> getReferrer
    java.lang.String getTagValue() -> getTagValue
    java.lang.Boolean checkTagValue() -> checkTagValue
    void setParams(java.util.Map) -> setParams
    java.lang.Boolean addItem(java.util.Map) -> addItem
    void send() -> send
    java.lang.Boolean send(com.linkprice.lpmat.LpResponse) -> send
    void <clinit>() -> <clinit>
com.linkprice.lpmat.LpNetwork -> com.linkprice.lpmat.a:
    android.content.Context mContext -> a
    android.os.AsyncTask mAsyncTask -> b
    void <init>(android.content.Context) -> <init>
    boolean isOnline() -> a
    java.lang.Boolean call(java.lang.String,com.linkprice.lpmat.LpResponse) -> a
    void releaseAsyncTask() -> b
    java.io.InputStreamReader openConnectionCheckRedirects(java.net.HttpURLConnection,com.linkprice.lpmat.LpResponse) -> a
    java.lang.Boolean checkHttpStatus(int) -> a
    java.lang.Boolean checkRedirectUrl(java.net.URL) -> a
    java.io.InputStreamReader access$000(com.linkprice.lpmat.LpNetwork,java.net.HttpURLConnection,com.linkprice.lpmat.LpResponse) -> a
com.linkprice.lpmat.LpNetwork$1 -> com.linkprice.lpmat.a$1:
    com.linkprice.lpmat.LpResponse val$lpResponse -> a
    com.linkprice.lpmat.LpNetwork this$0 -> b
    void <init>(com.linkprice.lpmat.LpNetwork,com.linkprice.lpmat.LpResponse) -> <init>
    java.lang.String doInBackground(java.lang.String[]) -> a
    void onPostExecute(java.lang.String) -> a
    void onPostExecute(java.lang.Object) -> onPostExecute
    java.lang.Object doInBackground(java.lang.Object[]) -> doInBackground
com.linkprice.lpmat.LpPostback -> com.linkprice.lpmat.b:
    java.lang.String mPurchaseUrl -> a
    java.util.List mRquiredParams -> b
    com.linkprice.lpmat.LpNetwork mLpNetwork -> c
    com.linkprice.lpmat.LpResponse mLpResponse -> d
    java.util.Map mParams -> e
    org.json.JSONArray mItems -> f
    void <init>(android.content.Context) -> <init>
    void setParams(java.util.Map) -> a
    java.lang.Boolean addItem(java.util.Map) -> b
    java.lang.Boolean send(com.linkprice.lpmat.LpResponse) -> a
    java.lang.Boolean sendPrepare() -> a
    java.lang.Boolean purchase(java.lang.String) -> purchase
    java.lang.String getParams() -> b
    java.lang.Boolean checkPrams() -> c
    java.lang.String getPurhaseUrl() -> d
    java.lang.String getItemsQueryString() -> e
com.linkprice.lpmat.LpResponse -> com.linkprice.lpmat.LpResponse:
    void <init>() -> <init>
    void success() -> success
    void fail(java.lang.String) -> fail