LPMAT/app/build/outputs/mapping/release/usage.txt
com.linkprice.lpmat.BuildConfig